<?xml version="1.0" encoding="UTF-8"?>
<!-- Generated by org.testng.reporters.JUnitXMLReporter -->
<testsuite ignored="0" hostname="BalajiV" failures="0" tests="3" name="Default test" time="5.793" errors="0" timestamp="2024-01-08T19:45:02 IST">
  <testcase classname="org.test.ReqResAssessment" name="getList" time="3.311"/>
  <testcase classname="org.test.ReqResAssessment" name="getSingle" time="0.617"/>
  <testcase classname="org.test.ReqResAssessment" name="postUser" time="0.983"/>
</testsuite> <!-- Default test -->
