<?xml version="1.0" encoding="UTF-8"?>
<!-- Generated by org.testng.reporters.JUnitXMLReporter -->
<testsuite ignored="0" hostname="BalajiV" failures="0" tests="8" name="Test" time="23.35" errors="0" timestamp="2024-01-08T19:58:18 IST">
  <testcase classname="org.test.SauceDemoAssessment" name="tc1" time="1.04"/>
  <testcase classname="org.test.SauceDemoAssessment" name="tc1" time="0.56"/>
  <testcase classname="org.test.SauceDemoAssessment" name="tc1" time="0.499"/>
  <testcase classname="org.test.SauceDemoAssessment" name="tc2" time="11.382"/>
  <testcase classname="org.test.SauceDemoAssessment" name="tc3" time="1.959"/>
  <testcase classname="org.test.SauceDemoAssessment" name="tc4" time="0.503"/>
  <testcase classname="org.test.SauceDemoAssessment" name="tc5" time="0.116"/>
  <testcase classname="org.test.SauceDemoAssessment" name="tc6" time="0.185"/>
</testsuite> <!-- Test -->
