<?xml version="1.0" encoding="UTF-8"?>
<testng-results ignored="0" total="8" passed="8" failed="0" skipped="0">
  <reporter-output>
  </reporter-output>
  <suite started-at="2024-01-08T19:57:55 IST" name="Suite" finished-at="2024-01-08T19:58:18 IST" duration-ms="23350">
    <groups>
    </groups>
    <test started-at="2024-01-08T19:57:55 IST" name="Test" finished-at="2024-01-08T19:58:18 IST" duration-ms="23350">
      <class name="org.test.SauceDemoAssessment">
        <test-method is-config="true" signature="setup()[pri:0, instance:org.test.SauceDemoAssessment@4d0d9fe7]" started-at="2024-01-08T19:57:54 IST" name="setup" finished-at="2024-01-08T19:57:55 IST" duration-ms="424" status="PASS">
          <reporter-output>
          </reporter-output>
        </test-method> <!-- setup -->
        <test-method is-config="true" signature="startLogin()[pri:0, instance:org.test.SauceDemoAssessment@4d0d9fe7]" started-at="2024-01-08T19:57:55 IST" name="startLogin" finished-at="2024-01-08T19:58:02 IST" duration-ms="6836" status="PASS">
          <reporter-output>
          </reporter-output>
        </test-method> <!-- startLogin -->
        <test-method signature="tc1(java.lang.String,java.lang.String)[pri:0, instance:org.test.SauceDemoAssessment@4d0d9fe7]" started-at="2024-01-08T19:58:02 IST" name="tc1" description="Multiple crendentail Combinations validation." data-provider="Credentials" finished-at="2024-01-08T19:58:03 IST" duration-ms="1040" status="PASS">
          <params>
            <param index="0">
              <value>
                <![CDATA[standard_user]]>
              </value>
            </param>
            <param index="1">
              <value>
                <![CDATA[secret_sauce]]>
              </value>
            </param>
          </params>
          <reporter-output>
          </reporter-output>
        </test-method> <!-- tc1 -->
        <test-method signature="tc1(java.lang.String,java.lang.String)[pri:0, instance:org.test.SauceDemoAssessment@4d0d9fe7]" started-at="2024-01-08T19:58:03 IST" name="tc1" description="Multiple crendentail Combinations validation." data-provider="Credentials" finished-at="2024-01-08T19:58:03 IST" duration-ms="560" status="PASS">
          <params>
            <param index="0">
              <value>
                <![CDATA[locked_out_user]]>
              </value>
            </param>
            <param index="1">
              <value>
                <![CDATA[secret_sauce]]>
              </value>
            </param>
          </params>
          <reporter-output>
          </reporter-output>
        </test-method> <!-- tc1 -->
        <test-method signature="tc1(java.lang.String,java.lang.String)[pri:0, instance:org.test.SauceDemoAssessment@4d0d9fe7]" started-at="2024-01-08T19:58:03 IST" name="tc1" description="Multiple crendentail Combinations validation." data-provider="Credentials" finished-at="2024-01-08T19:58:04 IST" duration-ms="499" status="PASS">
          <params>
            <param index="0">
              <value>
                <![CDATA[abcccd]]>
              </value>
            </param>
            <param index="1">
              <value>
                <![CDATA[secret_sauce]]>
              </value>
            </param>
          </params>
          <reporter-output>
          </reporter-output>
        </test-method> <!-- tc1 -->
        <test-method signature="tc2(java.lang.String,java.lang.String)[pri:0, instance:org.test.SauceDemoAssessment@4d0d9fe7]" started-at="2024-01-08T19:58:04 IST" name="tc2" description="Valid Login success and about us page launch" finished-at="2024-01-08T19:58:15 IST" duration-ms="11382" status="PASS">
          <params>
            <param index="0">
              <value>
                <![CDATA[standard_user]]>
              </value>
            </param>
            <param index="1">
              <value>
                <![CDATA[secret_sauce]]>
              </value>
            </param>
          </params>
          <reporter-output>
          </reporter-output>
        </test-method> <!-- tc2 -->
        <test-method signature="tc3()[pri:0, instance:org.test.SauceDemoAssessment@4d0d9fe7]" started-at="2024-01-08T19:58:15 IST" name="tc3" description="Adding highest value Product to the cart page" finished-at="2024-01-08T19:58:17 IST" duration-ms="1959" status="PASS">
          <reporter-output>
          </reporter-output>
        </test-method> <!-- tc3 -->
        <test-method signature="tc4(java.lang.String,java.lang.String,java.lang.String)[pri:0, instance:org.test.SauceDemoAssessment@4d0d9fe7]" started-at="2024-01-08T19:58:17 IST" name="tc4" description="Verify checkout page contains total price in $xx.yy format" finished-at="2024-01-08T19:58:18 IST" duration-ms="503" status="PASS">
          <params>
            <param index="0">
              <value>
                <![CDATA[Balaji]]>
              </value>
            </param>
            <param index="1">
              <value>
                <![CDATA[Vel]]>
              </value>
            </param>
            <param index="2">
              <value>
                <![CDATA[600112]]>
              </value>
            </param>
          </params>
          <reporter-output>
          </reporter-output>
        </test-method> <!-- tc4 -->
        <test-method signature="tc5()[pri:0, instance:org.test.SauceDemoAssessment@4d0d9fe7]" started-at="2024-01-08T19:58:18 IST" name="tc5" description="Verify order successful messgae" finished-at="2024-01-08T19:58:18 IST" duration-ms="116" status="PASS">
          <reporter-output>
          </reporter-output>
        </test-method> <!-- tc5 -->
        <test-method signature="tc6()[pri:0, instance:org.test.SauceDemoAssessment@4d0d9fe7]" started-at="2024-01-08T19:58:18 IST" name="tc6" description="Logged out successfully" finished-at="2024-01-08T19:58:18 IST" duration-ms="185" status="PASS">
          <reporter-output>
          </reporter-output>
        </test-method> <!-- tc6 -->
        <test-method is-config="true" signature="closing()[pri:0, instance:org.test.SauceDemoAssessment@4d0d9fe7]" started-at="2024-01-08T19:58:18 IST" name="closing" finished-at="2024-01-08T19:58:18 IST" duration-ms="188" status="PASS">
          <reporter-output>
          </reporter-output>
        </test-method> <!-- closing -->
        <test-method is-config="true" signature="ending()[pri:0, instance:org.test.SauceDemoAssessment@4d0d9fe7]" started-at="2024-01-08T19:58:18 IST" name="ending" finished-at="2024-01-08T19:58:18 IST" duration-ms="359" status="PASS">
          <reporter-output>
          </reporter-output>
        </test-method> <!-- ending -->
      </class> <!-- org.test.SauceDemoAssessment -->
    </test> <!-- Test -->
  </suite> <!-- Suite -->
</testng-results>
